[debug] [2025-03-26T22:00:36.831Z] ----------------------------------------------------------------------
[debug] [2025-03-26T22:00:36.834Z] Command:       C:\nvm4w\nodejs\node.exe C:\nvm4w\nodejs\node_modules\firebase-tools\lib\bin\firebase.js deploy
[debug] [2025-03-26T22:00:36.834Z] CLI Version:   13.35.1
[debug] [2025-03-26T22:00:36.834Z] Platform:      win32
[debug] [2025-03-26T22:00:36.834Z] Node Version:  v23.6.0
[debug] [2025-03-26T22:00:36.834Z] Time:          Wed Mar 26 2025 16:00:36 GMT-0600 (GMT-06:00)
[debug] [2025-03-26T22:00:36.834Z] ----------------------------------------------------------------------
[debug] 
[debug] [2025-03-26T22:00:36.959Z] > command requires scopes: ["email","openid","https://www.googleapis.com/auth/cloudplatformprojects.readonly","https://www.googleapis.com/auth/firebase","https://www.googleapis.com/auth/cloud-platform"]
[debug] [2025-03-26T22:00:36.960Z] > authorizing via signed-in user (jlrc23@gmail.com)
[debug] [2025-03-26T22:00:36.960Z] [iam] checking project umhipatia for permissions ["firebase.projects.get","firebasehosting.sites.update"]
[debug] [2025-03-26T22:00:36.961Z] Checked if tokens are valid: false, expires at: 1741377450818
[debug] [2025-03-26T22:00:36.961Z] Checked if tokens are valid: false, expires at: 1741377450818
[debug] [2025-03-26T22:00:36.961Z] > refreshing access token with scopes: []
[debug] [2025-03-26T22:00:36.962Z] >>> [apiv2][query] POST https://www.googleapis.com/oauth2/v3/token [none]
[debug] [2025-03-26T22:00:36.962Z] >>> [apiv2][body] POST https://www.googleapis.com/oauth2/v3/token [omitted]
[debug] [2025-03-26T22:00:37.112Z] <<< [apiv2][status] POST https://www.googleapis.com/oauth2/v3/token 400
[debug] [2025-03-26T22:00:37.112Z] <<< [apiv2][body] POST https://www.googleapis.com/oauth2/v3/token [omitted]
[debug] [2025-03-26T22:00:37.112Z] >>> [apiv2][query] POST https://cloudresourcemanager.googleapis.com/v1/projects/umhipatia:testIamPermissions [none]
[debug] [2025-03-26T22:00:37.112Z] >>> [apiv2][(partial)header] POST https://cloudresourcemanager.googleapis.com/v1/projects/umhipatia:testIamPermissions x-goog-quota-user=projects/umhipatia
[debug] [2025-03-26T22:00:37.112Z] >>> [apiv2][body] POST https://cloudresourcemanager.googleapis.com/v1/projects/umhipatia:testIamPermissions {"permissions":["firebase.projects.get","firebasehosting.sites.update"]}
[debug] [2025-03-26T22:00:37.510Z] <<< [apiv2][status] POST https://cloudresourcemanager.googleapis.com/v1/projects/umhipatia:testIamPermissions 401
[debug] [2025-03-26T22:00:37.510Z] <<< [apiv2][body] POST https://cloudresourcemanager.googleapis.com/v1/projects/umhipatia:testIamPermissions {"error":{"code":401,"message":"Request had invalid authentication credentials. Expected OAuth 2 access token, login cookie or other valid authentication credential. See https://developers.google.com/identity/sign-in/web/devconsole-project.","status":"UNAUTHENTICATED","details":[{"@type":"type.googleapis.com/google.rpc.ErrorInfo","reason":"ACCESS_TOKEN_TYPE_UNSUPPORTED","metadata":{"method":"google.cloudresourcemanager.v1.Projects.TestIamPermissions","service":"cloudresourcemanager.googleapis.com"}}]}}
[debug] [2025-03-26T22:00:37.510Z] Got a 401 Unauthenticated error for a call that required authentication. Refreshing tokens.
[debug] [2025-03-26T22:00:37.510Z] Checked if tokens are valid: false, expires at: 1741377450818
[debug] [2025-03-26T22:00:37.510Z] Checked if tokens are valid: false, expires at: 1741377450818
[debug] [2025-03-26T22:00:37.510Z] > refreshing access token with scopes: []
[debug] [2025-03-26T22:00:37.510Z] >>> [apiv2][query] POST https://www.googleapis.com/oauth2/v3/token [none]
[debug] [2025-03-26T22:00:37.510Z] >>> [apiv2][body] POST https://www.googleapis.com/oauth2/v3/token [omitted]
[debug] [2025-03-26T22:00:37.570Z] <<< [apiv2][status] POST https://www.googleapis.com/oauth2/v3/token 400
[debug] [2025-03-26T22:00:37.571Z] <<< [apiv2][body] POST https://www.googleapis.com/oauth2/v3/token [omitted]
[debug] [2025-03-26T22:00:37.571Z] [iam] error while checking permissions, command may fail: Request to https://cloudresourcemanager.googleapis.com/v1/projects/umhipatia:testIamPermissions had HTTP Error: 401, Request had invalid authentication credentials. Expected OAuth 2 access token, login cookie or other valid authentication credential. See https://developers.google.com/identity/sign-in/web/devconsole-project.
[debug] [2025-03-26T22:00:37.571Z] Checked if tokens are valid: false, expires at: 1741377450818
[debug] [2025-03-26T22:00:37.572Z] Checked if tokens are valid: false, expires at: 1741377450818
[debug] [2025-03-26T22:00:37.572Z] > refreshing access token with scopes: []
[debug] [2025-03-26T22:00:37.572Z] >>> [apiv2][query] POST https://www.googleapis.com/oauth2/v3/token [none]
[debug] [2025-03-26T22:00:37.572Z] >>> [apiv2][body] POST https://www.googleapis.com/oauth2/v3/token [omitted]
[debug] [2025-03-26T22:00:37.625Z] <<< [apiv2][status] POST https://www.googleapis.com/oauth2/v3/token 400
[debug] [2025-03-26T22:00:37.626Z] <<< [apiv2][body] POST https://www.googleapis.com/oauth2/v3/token [omitted]
[debug] [2025-03-26T22:00:37.626Z] >>> [apiv2][query] GET https://firebase.googleapis.com/v1beta1/projects/umhipatia [none]
[debug] [2025-03-26T22:00:37.739Z] <<< [apiv2][status] GET https://firebase.googleapis.com/v1beta1/projects/umhipatia 401
[debug] [2025-03-26T22:00:37.739Z] <<< [apiv2][body] GET https://firebase.googleapis.com/v1beta1/projects/umhipatia {"error":{"code":401,"message":"Request had invalid authentication credentials. Expected OAuth 2 access token, login cookie or other valid authentication credential. See https://developers.google.com/identity/sign-in/web/devconsole-project.","status":"UNAUTHENTICATED"}}
[debug] [2025-03-26T22:00:37.739Z] Got a 401 Unauthenticated error for a call that required authentication. Refreshing tokens.
[debug] [2025-03-26T22:00:37.739Z] Checked if tokens are valid: false, expires at: 1741377450818
[debug] [2025-03-26T22:00:37.739Z] Checked if tokens are valid: false, expires at: 1741377450818
[debug] [2025-03-26T22:00:37.739Z] > refreshing access token with scopes: []
[debug] [2025-03-26T22:00:37.739Z] >>> [apiv2][query] POST https://www.googleapis.com/oauth2/v3/token [none]
[debug] [2025-03-26T22:00:37.739Z] >>> [apiv2][body] POST https://www.googleapis.com/oauth2/v3/token [omitted]
[debug] [2025-03-26T22:00:37.793Z] <<< [apiv2][status] POST https://www.googleapis.com/oauth2/v3/token 400
[debug] [2025-03-26T22:00:37.793Z] <<< [apiv2][body] POST https://www.googleapis.com/oauth2/v3/token [omitted]
[debug] [2025-03-26T22:00:37.794Z] Request to https://firebase.googleapis.com/v1beta1/projects/umhipatia had HTTP Error: 401, Request had invalid authentication credentials. Expected OAuth 2 access token, login cookie or other valid authentication credential. See https://developers.google.com/identity/sign-in/web/devconsole-project.
[error] 
[error] Error: Assertion failed: resolving hosting target of a site with no site name or target name. This should have caused an error earlier
[debug] [2025-03-26T22:01:05.076Z] ----------------------------------------------------------------------
[debug] [2025-03-26T22:01:05.078Z] Command:       C:\nvm4w\nodejs\node.exe C:\nvm4w\nodejs\node_modules\firebase-tools\lib\bin\firebase.js deploy
[debug] [2025-03-26T22:01:05.078Z] CLI Version:   13.35.1
[debug] [2025-03-26T22:01:05.078Z] Platform:      win32
[debug] [2025-03-26T22:01:05.078Z] Node Version:  v23.6.0
[debug] [2025-03-26T22:01:05.078Z] Time:          Wed Mar 26 2025 16:01:05 GMT-0600 (GMT-06:00)
[debug] [2025-03-26T22:01:05.078Z] ----------------------------------------------------------------------
[debug] 
[debug] [2025-03-26T22:01:05.201Z] > command requires scopes: ["email","openid","https://www.googleapis.com/auth/cloudplatformprojects.readonly","https://www.googleapis.com/auth/firebase","https://www.googleapis.com/auth/cloud-platform"]
[debug] [2025-03-26T22:01:05.201Z] > authorizing via signed-in user (jlrc23@gmail.com)
[debug] [2025-03-26T22:01:05.201Z] [iam] checking project umhipatia for permissions ["firebase.projects.get","firebasehosting.sites.update"]
[debug] [2025-03-26T22:01:05.202Z] Checked if tokens are valid: false, expires at: 1741377450818
[debug] [2025-03-26T22:01:05.202Z] Checked if tokens are valid: false, expires at: 1741377450818
[debug] [2025-03-26T22:01:05.202Z] > refreshing access token with scopes: []
[debug] [2025-03-26T22:01:05.203Z] >>> [apiv2][query] POST https://www.googleapis.com/oauth2/v3/token [none]
[debug] [2025-03-26T22:01:05.203Z] >>> [apiv2][body] POST https://www.googleapis.com/oauth2/v3/token [omitted]
[debug] [2025-03-26T22:01:05.369Z] <<< [apiv2][status] POST https://www.googleapis.com/oauth2/v3/token 400
[debug] [2025-03-26T22:01:05.369Z] <<< [apiv2][body] POST https://www.googleapis.com/oauth2/v3/token [omitted]
[debug] [2025-03-26T22:01:05.369Z] >>> [apiv2][query] POST https://cloudresourcemanager.googleapis.com/v1/projects/umhipatia:testIamPermissions [none]
[debug] [2025-03-26T22:01:05.369Z] >>> [apiv2][(partial)header] POST https://cloudresourcemanager.googleapis.com/v1/projects/umhipatia:testIamPermissions x-goog-quota-user=projects/umhipatia
[debug] [2025-03-26T22:01:05.369Z] >>> [apiv2][body] POST https://cloudresourcemanager.googleapis.com/v1/projects/umhipatia:testIamPermissions {"permissions":["firebase.projects.get","firebasehosting.sites.update"]}
[debug] [2025-03-26T22:01:05.630Z] <<< [apiv2][status] POST https://cloudresourcemanager.googleapis.com/v1/projects/umhipatia:testIamPermissions 401
[debug] [2025-03-26T22:01:05.630Z] <<< [apiv2][body] POST https://cloudresourcemanager.googleapis.com/v1/projects/umhipatia:testIamPermissions {"error":{"code":401,"message":"Request had invalid authentication credentials. Expected OAuth 2 access token, login cookie or other valid authentication credential. See https://developers.google.com/identity/sign-in/web/devconsole-project.","status":"UNAUTHENTICATED","details":[{"@type":"type.googleapis.com/google.rpc.ErrorInfo","reason":"ACCESS_TOKEN_TYPE_UNSUPPORTED","metadata":{"method":"google.cloudresourcemanager.v1.Projects.TestIamPermissions","service":"cloudresourcemanager.googleapis.com"}}]}}
[debug] [2025-03-26T22:01:05.630Z] Got a 401 Unauthenticated error for a call that required authentication. Refreshing tokens.
[debug] [2025-03-26T22:01:05.630Z] Checked if tokens are valid: false, expires at: 1741377450818
[debug] [2025-03-26T22:01:05.630Z] Checked if tokens are valid: false, expires at: 1741377450818
[debug] [2025-03-26T22:01:05.630Z] > refreshing access token with scopes: []
[debug] [2025-03-26T22:01:05.630Z] >>> [apiv2][query] POST https://www.googleapis.com/oauth2/v3/token [none]
[debug] [2025-03-26T22:01:05.630Z] >>> [apiv2][body] POST https://www.googleapis.com/oauth2/v3/token [omitted]
[debug] [2025-03-26T22:01:05.690Z] <<< [apiv2][status] POST https://www.googleapis.com/oauth2/v3/token 400
[debug] [2025-03-26T22:01:05.690Z] <<< [apiv2][body] POST https://www.googleapis.com/oauth2/v3/token [omitted]
[debug] [2025-03-26T22:01:05.690Z] [iam] error while checking permissions, command may fail: Request to https://cloudresourcemanager.googleapis.com/v1/projects/umhipatia:testIamPermissions had HTTP Error: 401, Request had invalid authentication credentials. Expected OAuth 2 access token, login cookie or other valid authentication credential. See https://developers.google.com/identity/sign-in/web/devconsole-project.
[debug] [2025-03-26T22:01:05.691Z] Checked if tokens are valid: false, expires at: 1741377450818
[debug] [2025-03-26T22:01:05.691Z] Checked if tokens are valid: false, expires at: 1741377450818
[debug] [2025-03-26T22:01:05.691Z] > refreshing access token with scopes: []
[debug] [2025-03-26T22:01:05.691Z] >>> [apiv2][query] POST https://www.googleapis.com/oauth2/v3/token [none]
[debug] [2025-03-26T22:01:05.691Z] >>> [apiv2][body] POST https://www.googleapis.com/oauth2/v3/token [omitted]
[debug] [2025-03-26T22:01:05.744Z] <<< [apiv2][status] POST https://www.googleapis.com/oauth2/v3/token 400
[debug] [2025-03-26T22:01:05.745Z] <<< [apiv2][body] POST https://www.googleapis.com/oauth2/v3/token [omitted]
[debug] [2025-03-26T22:01:05.745Z] >>> [apiv2][query] GET https://firebase.googleapis.com/v1beta1/projects/umhipatia [none]
[debug] [2025-03-26T22:01:05.843Z] <<< [apiv2][status] GET https://firebase.googleapis.com/v1beta1/projects/umhipatia 401
[debug] [2025-03-26T22:01:05.843Z] <<< [apiv2][body] GET https://firebase.googleapis.com/v1beta1/projects/umhipatia {"error":{"code":401,"message":"Request had invalid authentication credentials. Expected OAuth 2 access token, login cookie or other valid authentication credential. See https://developers.google.com/identity/sign-in/web/devconsole-project.","status":"UNAUTHENTICATED"}}
[debug] [2025-03-26T22:01:05.843Z] Got a 401 Unauthenticated error for a call that required authentication. Refreshing tokens.
[debug] [2025-03-26T22:01:05.843Z] Checked if tokens are valid: false, expires at: 1741377450818
[debug] [2025-03-26T22:01:05.843Z] Checked if tokens are valid: false, expires at: 1741377450818
[debug] [2025-03-26T22:01:05.843Z] > refreshing access token with scopes: []
[debug] [2025-03-26T22:01:05.843Z] >>> [apiv2][query] POST https://www.googleapis.com/oauth2/v3/token [none]
[debug] [2025-03-26T22:01:05.843Z] >>> [apiv2][body] POST https://www.googleapis.com/oauth2/v3/token [omitted]
[debug] [2025-03-26T22:01:05.896Z] <<< [apiv2][status] POST https://www.googleapis.com/oauth2/v3/token 400
[debug] [2025-03-26T22:01:05.896Z] <<< [apiv2][body] POST https://www.googleapis.com/oauth2/v3/token [omitted]
[debug] [2025-03-26T22:01:05.896Z] Request to https://firebase.googleapis.com/v1beta1/projects/umhipatia had HTTP Error: 401, Request had invalid authentication credentials. Expected OAuth 2 access token, login cookie or other valid authentication credential. See https://developers.google.com/identity/sign-in/web/devconsole-project.
[error] 
[error] Error: Assertion failed: resolving hosting target of a site with no site name or target name. This should have caused an error earlier
